<?xml version="1.0" encoding="UTF-8"?>
<!-- Generated by org.testng.reporters.JUnitReportReporter -->
<testsuite hostname="DESKTOP-1GI3NUO" failures="0" tests="4" name="com.Test.AmazonDropDownTest" time="57.672" errors="0" timestamp="2025-05-21T17:03:40 IST" skipped="0">
  <testcase classname="com.Test.AmazonDropDownTest" name="testSearchDropdown" time="21.098"/>
  <testcase classname="com.Test.AmazonDropDownTest" name="testSearchDropdown" time="13.433"/>
  <testcase classname="com.Test.AmazonDropDownTest" name="testCurrentUrl" time="8.282"/>
  <testcase classname="com.Test.AmazonDropDownTest" name="testSearchDropdown" time="14.859"/>
</testsuite> <!-- com.Test.AmazonDropDownTest -->
