<?xml version="1.0" encoding="UTF-8"?>
<!-- Generated by org.testng.reporters.JUnitReportReporter -->
<testsuite hostname="DESKTOP-1GI3NUO" failures="0" tests="2" name="com.Test.AmazonAddToCartTest" time="51.189" errors="0" timestamp="2025-05-21T17:03:40 IST" skipped="0">
  <testcase classname="com.Test.AmazonAddToCartTest" name="testCurrentUrl" time="12.674"/>
  <testcase classname="com.Test.AmazonAddToCartTest" name="testProductExistsInCart" time="38.515"/>
</testsuite> <!-- com.Test.AmazonAddToCartTest -->
